<?xml version="1.0" encoding="UTF-8"?>
<testsuite xmlns:xsi="http://www.w3.org/2001/XMLSchema-instance" xsi:noNamespaceSchemaLocation="https://maven.apache.org/surefire/maven-surefire-plugin/xsd/surefire-test-report-3.0.xsd" version="3.0" name="com.optinova.repository.UserRepositoryTest" time="0.691" tests="1" errors="0" skipped="0" failures="0">
  <properties>
[...]
</properties>
  <testcase name="testSaveAndFindByEmail" classname="com.optinova.repository.UserRepositoryTest" time="0.215">
    <system-out><![CDATA[2026-07-30T00:26:05.049+05:30  INFO 12444 --- [optinova-backend] [           main] t.c.s.AnnotationConfigContextLoaderUtils : Could not detect default configuration classes for test class [com.optinova.repository.UserRepositoryTest]: UserRepositoryTest does not declare any static, non-private, non-final, nested classes annotated with @Configuration.
2026-07-30T00:26:05.082+05:30  INFO 12444 --- [optinova-backend] [           main] .b.t.c.SpringBootTestContextBootstrapper : Found @SpringBootConfiguration com.optinova.OptiNovaBackendApplication for test class com.optinova.repository.UserRepositoryTest
  .   ____          _            __ _ _
 /\\ / ___'_ __ _ _(_)_ __  __ _ \ \ \ \
( ( )\___ | '_ | '_| | '_ \/ _` | \ \ \ \
 \\/  ___)| |_)| | | | | || (_| |  ) ) ) )
  '  |____| .__|_| |_|_| |_\__, | / / / /
 =========|_|==============|___/=/_/_/_/

 :: Spring Boot ::                (v3.3.0)

2026-07-30T00:26:05.108+05:30  INFO 12444 --- [optinova-backend] [           main] c.o.repository.UserRepositoryTest        : Starting UserRepositoryTest using Java 21.0.11 with PID 12444 (started by nk568 in C:\StringStack\OptiNova\QuadLogic-OptiNovaBD)
2026-07-30T00:26:05.108+05:30  INFO 12444 --- [optinova-backend] [           main] c.o.repository.UserRepositoryTest        : The following 1 profile is active: "test"
2026-07-30T00:26:05.196+05:30  INFO 12444 --- [optinova-backend] [           main] .s.d.r.c.RepositoryConfigurationDelegate : Bootstrapping Spring Data JPA repositories in DEFAULT mode.
2026-07-30T00:26:05.221+05:30  INFO 12444 --- [optinova-backend] [           main] .s.d.r.c.RepositoryConfigurationDelegate : Finished Spring Data repository scanning in 25 ms. Found 10 JPA repository interfaces.
2026-07-30T00:26:05.233+05:30  INFO 12444 --- [optinova-backend] [           main] beddedDataSourceBeanFactoryPostProcessor : Replacing 'dataSource' DataSource bean with embedded version
2026-07-30T00:26:05.248+05:30  INFO 12444 --- [optinova-backend] [           main] o.s.j.d.e.EmbeddedDatabaseFactory        : Starting embedded database: url='jdbc:h2:mem:8feb9749-63f6-45dd-ab0e-62077a073911;DB_CLOSE_DELAY=-1;DB_CLOSE_ON_EXIT=false', username='sa'
2026-07-30T00:26:05.262+05:30  INFO 12444 --- [optinova-backend] [           main] o.hibernate.jpa.internal.util.LogHelper  : HHH000204: Processing PersistenceUnitInfo [name: default]
2026-07-30T00:26:05.264+05:30  INFO 12444 --- [optinova-backend] [           main] o.h.c.internal.RegionFactoryInitiator    : HHH000026: Second-level cache disabled
2026-07-30T00:26:05.271+05:30  INFO 12444 --- [optinova-backend] [           main] o.s.o.j.p.SpringPersistenceUnitInfo      : No LoadTimeWeaver setup: ignoring JPA class transformer
2026-07-30T00:26:05.273+05:30  WARN 12444 --- [optinova-backend] [           main] org.hibernate.orm.deprecation            : HHH90000025: H2Dialect does not need to be specified explicitly using 'hibernate.dialect' (remove the property setting and it will be selected by default)
2026-07-30T00:26:05.414+05:30  INFO 12444 --- [optinova-backend] [           main] o.h.e.t.j.p.i.JtaPlatformInitiator       : HHH000489: No JTA platform available (set 'hibernate.transaction.jta.platform' to enable JTA platform integration)
Hibernate: drop table if exists cart_items cascade 
Hibernate: drop table if exists categories cascade 
Hibernate: drop table if exists jwt_tokens cascade 
Hibernate: drop table if exists order_items cascade 
Hibernate: drop table if exists orders cascade 
Hibernate: drop table if exists otp_verifications cascade 
Hibernate: drop table if exists password_reset_tokens cascade 
Hibernate: drop table if exists productimages cascade 
Hibernate: drop table if exists products cascade 
Hibernate: drop table if exists users cascade 
Hibernate: create table cart_items (quantity integer not null, total_price numeric(10,2) not null, created_at timestamp(6) not null, id bigint generated by default as identity, product_id bigint not null, user_id bigint not null, primary key (id))
Hibernate: create table categories (active boolean not null, created_at timestamp(6) not null, id bigint generated by default as identity, name varchar(100) not null unique, description TEXT, image_url varchar(255), primary key (id))
Hibernate: create table jwt_tokens (expired boolean not null, revoked boolean not null, created_at timestamp(6) not null, id bigint generated by default as identity, user_id bigint not null, token varchar(512) not null unique, token_type enum ('BEARER') not null, primary key (id))
Hibernate: create table order_items (price numeric(10,2) not null, quantity integer not null, subtotal numeric(10,2) not null, id bigint generated by default as identity, order_id bigint not null, product_id bigint not null, primary key (id))
Hibernate: create table orders (total_amount numeric(10,2) not null, created_at timestamp(6) not null, id bigint generated by default as identity, updated_at timestamp(6), user_id bigint not null, order_number varchar(50) not null unique, payment_method varchar(50) not null, shipping_address TEXT not null, order_status enum ('CANCELLED','DELIVERED','PENDING','PROCESSING','SHIPPED') not null, payment_status enum ('COMPLETED','FAILED','PENDING','REFUNDED') not null, primary key (id))
Hibernate: create table otp_verifications (used boolean not null, created_at timestamp(6) not null, expiry_date timestamp(6) not null, id bigint generated by default as identity, otp_code varchar(10) not null, purpose varchar(50) not null, email varchar(100) not null, primary key (id))
Hibernate: create table password_reset_tokens (used boolean not null, created_at timestamp(6) not null, expiry_date timestamp(6) not null, id bigint generated by default as identity, user_id bigint not null, token varchar(100) not null unique, primary key (id))
Hibernate: create table productimages (is_primary boolean not null, id bigint generated by default as identity, product_id bigint not null, image_url varchar(255) not null, primary key (id))
Hibernate: create table products (discount_price numeric(10,2), is_active boolean not null, is_featured boolean not null, price numeric(10,2) not null, stock_quantity integer not null, category_id bigint not null, created_at timestamp(6) not null, id bigint generated by default as identity, updated_at timestamp(6), gender varchar(20), frame_shape varchar(50), frame_type varchar(50), brand varchar(100), name varchar(150) not null, description TEXT, primary key (id))
Hibernate: create table users (is_verified boolean not null, created_at timestamp(6) not null, id bigint generated by default as identity, updated_at timestamp(6), phone varchar(20), first_name varchar(50) not null, last_name varchar(50) not null, email varchar(100) not null unique, password varchar(255) not null, role enum ('ROLE_ADMIN','ROLE_USER') not null, primary key (id))
Hibernate: alter table if exists cart_items add constraint FK1re40cjegsfvw58xrkdp6bac6 foreign key (product_id) references products
Hibernate: alter table if exists cart_items add constraint FK709eickf3kc0dujx3ub9i7btf foreign key (user_id) references users
Hibernate: alter table if exists jwt_tokens add constraint FKhy6n4wirmw0ryw2wdmy9cx2mn foreign key (user_id) references users
Hibernate: alter table if exists order_items add constraint FKbioxgbv59vetrxe0ejfubep1w foreign key (order_id) references orders
Hibernate: alter table if exists order_items add constraint FKocimc7dtr037rh4ls4l95nlfi foreign key (product_id) references products
Hibernate: alter table if exists orders add constraint FK32ql8ubntj5uh44ph9659tiih foreign key (user_id) references users
Hibernate: alter table if exists password_reset_tokens add constraint FKk3ndxg5xp6v7wd4gjyusp15gq foreign key (user_id) references users
Hibernate: alter table if exists productimages add constraint FKjji6hlkuywsthaocoslq3l621 foreign key (product_id) references products
Hibernate: alter table if exists products add constraint FKog2rp4qthbtt2lfyhfo32lsw9 foreign key (category_id) references categories
2026-07-30T00:26:05.431+05:30  INFO 12444 --- [optinova-backend] [           main] j.LocalContainerEntityManagerFactoryBean : Initialized JPA EntityManagerFactory for persistence unit 'default'
2026-07-30T00:26:05.514+05:30  INFO 12444 --- [optinova-backend] [           main] c.o.repository.UserRepositoryTest        : Started UserRepositoryTest in 0.428 seconds (process running for 8.142)
Hibernate: insert into users (created_at,email,first_name,is_verified,last_name,password,phone,role,updated_at,id) values (?,?,?,?,?,?,?,?,?,default)
Hibernate: select u1_0.id,u1_0.created_at,u1_0.email,u1_0.first_name,u1_0.is_verified,u1_0.last_name,u1_0.password,u1_0.phone,u1_0.role,u1_0.updated_at from users u1_0 where u1_0.email=?
]]></system-out>
  </testcase>
</testsuite>